<?xml version="1.0" encoding="UTF-8"?>
<!-- Generated by org.testng.reporters.JUnitXMLReporter -->
<testsuite ignored="0" hostname="DESKTOP-B5IF953" failures="0" tests="3" name="Command line test" time="54.177" errors="0" timestamp="2023-08-10T15:56:14 EEST">
  <testcase classname="P1.SubmitOrderTest" name="submitOrder" time="15.636"/>
  <testcase classname="P1.SubmitOrderTest" name="submitOrder" time="15.225"/>
  <testcase classname="P1.SubmitOrderTest" name="OrderHistoryTest" time="2.727"/>
</testsuite> <!-- Command line test -->
