<?xml version="1.0" encoding="UTF-8"?>
<!-- Generated by org.testng.reporters.JUnitXMLReporter -->
<testsuite ignored="0" hostname="DESKTOP-B5IF953" failures="0" tests="3" name="Submit Order Test" time="48.692" errors="0" timestamp="2023-08-10T16:31:14 EEST">
  <testcase classname="P1.SubmitOrderTest" name="submitOrder" time="15.638"/>
  <testcase classname="P1.SubmitOrderTest" name="submitOrder" time="15.865"/>
  <testcase classname="P1.SubmitOrderTest" name="OrderHistoryTest" time="2.692"/>
</testsuite> <!-- Submit Order Test -->
